<?xml version="1.0" encoding="UTF-8"?>
<testng-results ignored="0" total="1" passed="1" failed="0" skipped="0">
  <reporter-output>
  </reporter-output>
  <suite started-at="2022-11-05T00:25:40 EDT" name="Default suite" finished-at="2022-11-05T00:25:53 EDT" duration-ms="12859">
    <groups>
    </groups>
    <test started-at="2022-11-05T00:25:40 EDT" name="Default test" finished-at="2022-11-05T00:25:53 EDT" duration-ms="12859">
      <class name="UI_Testing.TestLayer">
        <test-method is-config="true" signature="startup()[pri:0, instance:UI_Testing.TestLayer@5119fb47]" started-at="2022-11-05T00:25:39 EDT" name="startup" finished-at="2022-11-05T00:25:40 EDT" duration-ms="1237" status="PASS">
          <reporter-output>
          </reporter-output>
        </test-method> <!-- startup -->
        <test-method signature="signup()[pri:0, instance:UI_Testing.TestLayer@5119fb47]" started-at="2022-11-05T00:25:40 EDT" name="signup" finished-at="2022-11-05T00:25:53 EDT" duration-ms="12840" status="PASS">
          <reporter-output>
          </reporter-output>
        </test-method> <!-- signup -->
      </class> <!-- UI_Testing.TestLayer -->
    </test> <!-- Default test -->
  </suite> <!-- Default suite -->
</testng-results>
